2026-03-18 11:45:51 | INFO     | srcnn_training | Epoch 0000 [TRAIN]  |  loss: 0.166054  |  psnr: 15.069463  |  ssim: 0.435886
2026-03-18 11:45:51 | INFO     | srcnn_training | Epoch 0000 [VAL]  |  loss: 0.024901  |  psnr: 26.156890  |  ssim: 0.665184
2026-03-18 12:29:47 | INFO     | srcnn_training | Epoch 0001 [TRAIN]  |  loss: 0.076589  |  psnr: 17.495278  |  ssim: 0.488871
2026-03-18 12:29:47 | INFO     | srcnn_training | Epoch 0001 [VAL]  |  loss: 0.012756  |  psnr: 31.984807  |  ssim: 0.774615
2026-03-18 12:29:54 | INFO     | srcnn_training | Epoch 0002 [TRAIN]  |  loss: 0.077793  |  psnr: 17.390315  |  ssim: 0.484377
2026-03-18 12:29:54 | INFO     | srcnn_training | Epoch 0002 [VAL]  |  loss: 0.006630  |  psnr: 44.697803  |  ssim: 0.883011
2026-03-18 12:30:07 | INFO     | srcnn_training | Epoch 0004 [TRAIN]  |  loss: 0.074937  |  psnr: 17.499142  |  ssim: 0.495872
2026-03-18 12:30:07 | INFO     | srcnn_training | Epoch 0004 [VAL]  |  loss: 0.006819  |  psnr: 46.655582  |  ssim: 0.878245
2026-03-18 12:30:41 | INFO     | srcnn_training | Epoch 0009 [TRAIN]  |  loss: 0.075674  |  psnr: 17.287833  |  ssim: 0.504215
2026-03-18 12:30:41 | INFO     | srcnn_training | Epoch 0009 [VAL]  |  loss: 0.005867  |  psnr: 46.841822  |  ssim: 0.899787
2026-03-18 12:30:47 | INFO     | srcnn_training | Epoch 0010 [TRAIN]  |  loss: 0.073045  |  psnr: 17.844419  |  ssim: 0.517861
2026-03-18 12:30:47 | INFO     | srcnn_training | Epoch 0010 [VAL]  |  loss: 0.009147  |  psnr: 35.108132  |  ssim: 0.837499
2026-03-18 12:31:57 | INFO     | srcnn_training | Epoch 0020 [TRAIN]  |  loss: 0.072822  |  psnr: 17.581199  |  ssim: 0.517402
2026-03-18 12:31:57 | INFO     | srcnn_training | Epoch 0020 [VAL]  |  loss: 0.007135  |  psnr: 36.001106  |  ssim: 0.875955
2026-03-18 12:32:09 | INFO     | srcnn_training | Epoch 0022 [TRAIN]  |  loss: 0.074466  |  psnr: 17.461782  |  ssim: 0.498016
2026-03-18 12:32:09 | INFO     | srcnn_training | Epoch 0022 [VAL]  |  loss: 0.005247  |  psnr: 46.870038  |  ssim: 0.906034
2026-03-18 12:33:03 | INFO     | srcnn_training | Epoch 0030 [TRAIN]  |  loss: 0.073836  |  psnr: 17.521542  |  ssim: 0.509075
2026-03-18 12:33:03 | INFO     | srcnn_training | Epoch 0030 [VAL]  |  loss: 0.011955  |  psnr: 34.424349  |  ssim: 0.789530
2026-03-18 12:34:04 | INFO     | srcnn_training | Epoch 0040 [TRAIN]  |  loss: 0.072806  |  psnr: 17.503966  |  ssim: 0.514529
2026-03-18 12:34:04 | INFO     | srcnn_training | Epoch 0040 [VAL]  |  loss: 0.007539  |  psnr: 35.987181  |  ssim: 0.864530
2026-03-18 12:35:37 | INFO     | srcnn_training | Epoch 0000 [TRAIN]  |  loss: 0.166054  |  psnr: 15.069463  |  ssim: 0.435886
2026-03-18 12:35:37 | INFO     | srcnn_training | Epoch 0000 [VAL]  |  loss: 0.024901  |  psnr: 26.156890  |  ssim: 0.665184
2026-03-18 12:35:43 | INFO     | srcnn_training | Epoch 0001 [TRAIN]  |  loss: 0.080570  |  psnr: 17.272860  |  ssim: 0.458687
2026-03-18 12:35:43 | INFO     | srcnn_training | Epoch 0001 [VAL]  |  loss: 0.007733  |  psnr: 43.601379  |  ssim: 0.864523
2026-03-18 12:35:49 | INFO     | srcnn_training | Epoch 0002 [TRAIN]  |  loss: 0.074648  |  psnr: 17.685786  |  ssim: 0.494560
2026-03-18 12:35:49 | INFO     | srcnn_training | Epoch 0002 [VAL]  |  loss: 0.006420  |  psnr: 44.762800  |  ssim: 0.884712
2026-03-18 12:35:55 | INFO     | srcnn_training | Epoch 0003 [TRAIN]  |  loss: 0.075149  |  psnr: 17.488718  |  ssim: 0.493005
2026-03-18 12:35:55 | INFO     | srcnn_training | Epoch 0003 [VAL]  |  loss: 0.007010  |  psnr: 44.944562  |  ssim: 0.874932
2026-03-18 12:36:26 | INFO     | srcnn_training | Epoch 0008 [TRAIN]  |  loss: 0.075790  |  psnr: 17.281131  |  ssim: 0.504271
2026-03-18 12:36:26 | INFO     | srcnn_training | Epoch 0008 [VAL]  |  loss: 0.005890  |  psnr: 46.074832  |  ssim: 0.898938
2026-03-18 12:36:54 | INFO     | srcnn_training | Epoch 0010 [TRAIN]  |  loss: 0.072607  |  psnr: 17.602195  |  ssim: 0.522050
2026-03-18 12:36:54 | INFO     | srcnn_training | Epoch 0010 [VAL]  |  loss: 0.005156  |  psnr: 46.751514  |  ssim: 0.908572
2026-03-18 12:37:10 | INFO     | srcnn_training | Epoch 0011 [TRAIN]  |  loss: 0.074520  |  psnr: 17.390032  |  ssim: 0.502149
2026-03-18 12:37:10 | INFO     | srcnn_training | Epoch 0011 [VAL]  |  loss: 0.005296  |  psnr: 47.073880  |  ssim: 0.907081
2026-03-18 12:38:19 | INFO     | srcnn_training | Epoch 0020 [TRAIN]  |  loss: 0.073590  |  psnr: 17.451580  |  ssim: 0.509336
2026-03-18 12:38:19 | INFO     | srcnn_training | Epoch 0020 [VAL]  |  loss: 0.010240  |  psnr: 35.230033  |  ssim: 0.812583
2026-03-18 12:38:26 | INFO     | srcnn_training | Epoch 0021 [TRAIN]  |  loss: 0.074495  |  psnr: 17.463733  |  ssim: 0.498084
2026-03-18 12:38:26 | INFO     | srcnn_training | Epoch 0021 [VAL]  |  loss: 0.005267  |  psnr: 48.376181  |  ssim: 0.906006
2026-03-18 12:39:25 | INFO     | srcnn_training | Epoch 0030 [TRAIN]  |  loss: 0.074207  |  psnr: 17.520754  |  ssim: 0.494370
2026-03-18 12:39:25 | INFO     | srcnn_training | Epoch 0030 [VAL]  |  loss: 0.005841  |  psnr: 45.086502  |  ssim: 0.897778
2026-03-18 12:41:26 | INFO     | srcnn_training | Epoch 0040 [TRAIN]  |  loss: 0.071628  |  psnr: 17.533582  |  ssim: 0.523414
2026-03-18 12:41:26 | INFO     | srcnn_training | Epoch 0040 [VAL]  |  loss: 0.006185  |  psnr: 37.082378  |  ssim: 0.891876
2026-03-18 12:44:00 | INFO     | srcnn_training | Epoch 0000 [TRAIN]  |  loss: 0.109501  |  psnr: 16.782843  |  ssim: 0.469502
2026-03-18 12:44:00 | INFO     | srcnn_training | Epoch 0000 [VAL]  |  loss: 0.112513  |  psnr: 15.630226  |  ssim: 0.262597
2026-03-18 12:44:10 | INFO     | srcnn_training | Epoch 0001 [TRAIN]  |  loss: 0.073374  |  psnr: 17.635168  |  ssim: 0.519783
2026-03-18 12:44:10 | INFO     | srcnn_training | Epoch 0001 [VAL]  |  loss: 0.112960  |  psnr: 15.646207  |  ssim: 0.261013
2026-03-18 12:44:20 | INFO     | srcnn_training | Epoch 0002 [TRAIN]  |  loss: 0.073477  |  psnr: 17.750559  |  ssim: 0.516330
2026-03-18 12:44:20 | INFO     | srcnn_training | Epoch 0002 [VAL]  |  loss: 0.112074  |  psnr: 15.673311  |  ssim: 0.261250
2026-03-18 12:44:30 | INFO     | srcnn_training | Epoch 0003 [TRAIN]  |  loss: 0.072779  |  psnr: 17.807096  |  ssim: 0.525140
2026-03-18 12:44:30 | INFO     | srcnn_training | Epoch 0003 [VAL]  |  loss: 0.110547  |  psnr: 15.680048  |  ssim: 0.283669
2026-03-18 12:44:49 | INFO     | srcnn_training | Epoch 0005 [TRAIN]  |  loss: 0.073683  |  psnr: 17.592739  |  ssim: 0.516310
2026-03-18 12:44:49 | INFO     | srcnn_training | Epoch 0005 [VAL]  |  loss: 0.110897  |  psnr: 15.680447  |  ssim: 0.277012
2026-03-18 12:45:39 | INFO     | srcnn_training | Epoch 0010 [TRAIN]  |  loss: 0.072918  |  psnr: 17.707679  |  ssim: 0.513265
2026-03-18 12:45:39 | INFO     | srcnn_training | Epoch 0010 [VAL]  |  loss: 0.111626  |  psnr: 15.571787  |  ssim: 0.258365
2026-03-18 12:47:30 | INFO     | srcnn_training | Epoch 0020 [TRAIN]  |  loss: 0.072860  |  psnr: 17.584615  |  ssim: 0.512893
2026-03-18 12:47:30 | INFO     | srcnn_training | Epoch 0020 [VAL]  |  loss: 0.110045  |  psnr: 15.603160  |  ssim: 0.264778
2026-03-18 12:54:55 | INFO     | srcnn_training | Epoch 0000 [TRAIN]  |  loss: 0.105195  |  psnr: 16.310105  |  ssim: 0.395436
2026-03-18 12:54:55 | INFO     | srcnn_training | Epoch 0000 [VAL]  |  loss: 0.106516  |  psnr: 15.851046  |  ssim: 0.303971
2026-03-18 12:56:04 | INFO     | srcnn_training | Epoch 0002 [TRAIN]  |  loss: 0.087599  |  psnr: 16.937403  |  ssim: 0.427382
2026-03-18 12:56:04 | INFO     | srcnn_training | Epoch 0002 [VAL]  |  loss: 0.105080  |  psnr: 15.864204  |  ssim: 0.296545
2026-03-18 12:58:12 | INFO     | srcnn_training | Epoch 0010 [TRAIN]  |  loss: 0.087241  |  psnr: 16.734249  |  ssim: 0.423055
2026-03-18 12:58:12 | INFO     | srcnn_training | Epoch 0010 [VAL]  |  loss: 0.105068  |  psnr: 15.746710  |  ssim: 0.289856
2026-03-18 13:00:46 | INFO     | srcnn_training | Epoch 0020 [TRAIN]  |  loss: 0.087679  |  psnr: 16.572179  |  ssim: 0.419381
2026-03-18 13:00:46 | INFO     | srcnn_training | Epoch 0020 [VAL]  |  loss: 0.105319  |  psnr: 15.689503  |  ssim: 0.278048
2026-03-18 15:02:25 | INFO     | srcnn_training | Epoch 0000 [TRAIN]  |  loss: 0.105195  |  psnr: 16.310105  |  ssim: 0.395436
2026-03-18 15:02:25 | INFO     | srcnn_training | Epoch 0000 [VAL]  |  loss: 0.106516  |  psnr: 15.851046  |  ssim: 0.303971
2026-03-18 15:02:53 | INFO     | srcnn_training | Epoch 0002 [TRAIN]  |  loss: 0.087599  |  psnr: 16.937403  |  ssim: 0.427382
2026-03-18 15:02:53 | INFO     | srcnn_training | Epoch 0002 [VAL]  |  loss: 0.105080  |  psnr: 15.864204  |  ssim: 0.296545
2026-03-18 15:07:56 | INFO     | srcnn_training | Epoch 0000 [TRAIN]  |  loss: 0.190814  |  psnr: 15.990672  |  ssim: 0.401406
2026-03-18 15:07:56 | INFO     | srcnn_training | Epoch 0000 [VAL]  |  loss: 0.108106  |  psnr: 15.817311  |  ssim: 0.284083
2026-03-18 15:08:55 | INFO     | srcnn_training | Epoch 0001 [TRAIN]  |  loss: 0.088653  |  psnr: 16.828771  |  ssim: 0.432376
2026-03-18 15:08:55 | INFO     | srcnn_training | Epoch 0001 [VAL]  |  loss: 0.106343  |  psnr: 15.876053  |  ssim: 0.292644
2026-03-18 15:09:54 | INFO     | srcnn_training | Epoch 0002 [TRAIN]  |  loss: 0.088143  |  psnr: 16.850435  |  ssim: 0.425776
2026-03-18 15:09:54 | INFO     | srcnn_training | Epoch 0002 [VAL]  |  loss: 0.105440  |  psnr: 15.944562  |  ssim: 0.301191
2026-03-18 15:17:58 | INFO     | srcnn_training | Epoch 0000 [TRAIN]  |  loss: 0.155393  |  psnr: 37.835603  |  ssim: 0.793017
2026-03-18 15:17:58 | INFO     | srcnn_training | Epoch 0000 [VAL]  |  loss: 0.002313  |  psnr: 45.857781  |  ssim: 0.976262
2026-03-18 15:18:13 | INFO     | srcnn_training | Epoch 0001 [TRAIN]  |  loss: 0.002830  |  psnr: 44.628421  |  ssim: 0.968009
2026-03-18 15:18:13 | INFO     | srcnn_training | Epoch 0001 [VAL]  |  loss: 0.002035  |  psnr: 46.831798  |  ssim: 0.980085
2026-03-18 15:18:30 | INFO     | srcnn_training | Epoch 0002 [TRAIN]  |  loss: 0.003254  |  psnr: 42.887929  |  ssim: 0.961513
2026-03-18 15:18:30 | INFO     | srcnn_training | Epoch 0002 [VAL]  |  loss: 0.001843  |  psnr: 49.207345  |  ssim: 0.982870
2026-03-18 15:20:46 | INFO     | srcnn_training | Epoch 0010 [TRAIN]  |  loss: 0.002899  |  psnr: 44.174813  |  ssim: 0.967095
2026-03-18 15:20:46 | INFO     | srcnn_training | Epoch 0010 [VAL]  |  loss: 0.001804  |  psnr: 48.490265  |  ssim: 0.983593
2026-03-18 15:23:42 | INFO     | srcnn_training | Epoch 0020 [TRAIN]  |  loss: 0.003124  |  psnr: 43.665938  |  ssim: 0.963100
2026-03-18 15:23:42 | INFO     | srcnn_training | Epoch 0020 [VAL]  |  loss: 0.002160  |  psnr: 46.160529  |  ssim: 0.977977
2026-03-18 15:24:01 | INFO     | srcnn_training | Epoch 0021 [TRAIN]  |  loss: 0.003079  |  psnr: 43.138074  |  ssim: 0.963624
2026-03-18 15:24:01 | INFO     | srcnn_training | Epoch 0021 [VAL]  |  loss: 0.001683  |  psnr: 49.459208  |  ssim: 0.984996
2026-03-18 15:27:15 | INFO     | srcnn_training | Epoch 0030 [TRAIN]  |  loss: 0.003282  |  psnr: 43.111302  |  ssim: 0.961370
2026-03-18 15:27:15 | INFO     | srcnn_training | Epoch 0030 [VAL]  |  loss: 0.002144  |  psnr: 47.153834  |  ssim: 0.978170
2026-03-18 15:31:50 | INFO     | srcnn_training | Epoch 0040 [TRAIN]  |  loss: 0.002861  |  psnr: 44.093347  |  ssim: 0.966528
2026-03-18 15:31:50 | INFO     | srcnn_training | Epoch 0040 [VAL]  |  loss: 0.002261  |  psnr: 46.147086  |  ssim: 0.976392
2026-03-18 15:35:39 | INFO     | srcnn_training | Epoch 0000 [TRAIN]  |  loss: 0.154645  |  psnr: 40.041283  |  ssim: 0.802494
2026-03-18 15:35:39 | INFO     | srcnn_training | Epoch 0000 [VAL]  |  loss: 0.001768  |  psnr: 48.613912  |  ssim: 0.987121
2026-03-18 15:35:56 | INFO     | srcnn_training | Epoch 0001 [TRAIN]  |  loss: 0.002021  |  psnr: 47.562317  |  ssim: 0.980030
2026-03-18 15:35:56 | INFO     | srcnn_training | Epoch 0001 [VAL]  |  loss: 0.001568  |  psnr: 49.567702  |  ssim: 0.989187
2026-03-18 15:36:15 | INFO     | srcnn_training | Epoch 0002 [TRAIN]  |  loss: 0.002274  |  psnr: 46.131887  |  ssim: 0.975384
2026-03-18 15:36:15 | INFO     | srcnn_training | Epoch 0002 [VAL]  |  loss: 0.001445  |  psnr: 51.516685  |  ssim: 0.990674
2026-03-18 15:38:46 | INFO     | srcnn_training | Epoch 0010 [TRAIN]  |  loss: 0.002060  |  psnr: 47.262494  |  ssim: 0.979442
2026-03-18 15:38:46 | INFO     | srcnn_training | Epoch 0010 [VAL]  |  loss: 0.001417  |  psnr: 51.098143  |  ssim: 0.991118
2026-03-18 15:46:45 | INFO     | srcnn_training | Epoch 0020 [TRAIN]  |  loss: 0.002199  |  psnr: 46.753668  |  ssim: 0.976625
2026-03-18 15:46:45 | INFO     | srcnn_training | Epoch 0020 [VAL]  |  loss: 0.001662  |  psnr: 49.001336  |  ssim: 0.988001
2026-03-18 15:49:31 | INFO     | srcnn_training | Epoch 0021 [TRAIN]  |  loss: 0.002164  |  psnr: 46.383414  |  ssim: 0.977161
2026-03-18 15:49:31 | INFO     | srcnn_training | Epoch 0021 [VAL]  |  loss: 0.001326  |  psnr: 51.900710  |  ssim: 0.992044
2026-03-18 16:02:10 | INFO     | srcnn_training | Epoch 0030 [TRAIN]  |  loss: 0.002293  |  psnr: 46.320068  |  ssim: 0.975638
2026-03-18 16:02:10 | INFO     | srcnn_training | Epoch 0030 [VAL]  |  loss: 0.001650  |  psnr: 49.821252  |  ssim: 0.988286
2026-03-18 16:05:44 | INFO     | srcnn_training | Epoch 0040 [TRAIN]  |  loss: 0.002045  |  psnr: 47.138235  |  ssim: 0.979084
2026-03-18 16:05:44 | INFO     | srcnn_training | Epoch 0040 [VAL]  |  loss: 0.001737  |  psnr: 48.793510  |  ssim: 0.987111
2026-03-18 16:10:00 | INFO     | srcnn_training | Epoch 0000 [TRAIN]  |  loss: nan  |  psnr: nan  |  ssim: nan
2026-03-18 16:10:00 | INFO     | srcnn_training | Epoch 0000 [VAL]  |  loss: nan  |  psnr: nan  |  ssim: nan
2026-03-18 16:18:39 | INFO     | srcnn_training | Epoch 0010 [TRAIN]  |  loss: nan  |  psnr: nan  |  ssim: nan
2026-03-18 16:18:39 | INFO     | srcnn_training | Epoch 0010 [VAL]  |  loss: nan  |  psnr: nan  |  ssim: nan
2026-03-18 16:28:44 | INFO     | srcnn_training | Epoch 0020 [TRAIN]  |  loss: nan  |  psnr: nan  |  ssim: nan
2026-03-18 16:28:44 | INFO     | srcnn_training | Epoch 0020 [VAL]  |  loss: nan  |  psnr: nan  |  ssim: nan
2026-03-18 19:38:51 | INFO     | srcnn_training | Epoch 0000 [TRAIN]  |  loss: nan  |  psnr: nan  |  ssim: nan
2026-03-18 19:38:51 | INFO     | srcnn_training | Epoch 0000 [VAL]  |  loss: nan  |  psnr: nan  |  ssim: nan
2026-03-18 19:43:47 | INFO     | srcnn_training | Epoch 0000 [TRAIN]  |  loss: nan  |  psnr: nan  |  ssim: nan
2026-03-18 19:43:47 | INFO     | srcnn_training | Epoch 0000 [VAL]  |  loss: nan  |  psnr: nan  |  ssim: nan
2026-03-18 19:51:10 | INFO     | srcnn_training | Epoch 0000 [TRAIN]  |  loss: 0.154645  |  psnr: 40.041283  |  ssim: 0.802494
2026-03-18 19:51:10 | INFO     | srcnn_training | Epoch 0000 [VAL]  |  loss: 0.001768  |  psnr: 48.613912  |  ssim: 0.987121
2026-03-18 19:51:32 | INFO     | srcnn_training | Epoch 0001 [TRAIN]  |  loss: 0.002021  |  psnr: 47.562317  |  ssim: 0.980030
2026-03-18 19:51:32 | INFO     | srcnn_training | Epoch 0001 [VAL]  |  loss: 0.001568  |  psnr: 49.567702  |  ssim: 0.989187
2026-03-18 19:52:34 | INFO     | srcnn_training | Epoch 0002 [TRAIN]  |  loss: 0.002274  |  psnr: 46.131887  |  ssim: 0.975384
2026-03-18 19:52:34 | INFO     | srcnn_training | Epoch 0002 [VAL]  |  loss: 0.001445  |  psnr: 51.516685  |  ssim: 0.990674
2026-03-18 19:59:50 | INFO     | srcnn_training | Epoch 0010 [TRAIN]  |  loss: 0.002060  |  psnr: 47.262494  |  ssim: 0.979442
2026-03-18 19:59:50 | INFO     | srcnn_training | Epoch 0010 [VAL]  |  loss: 0.001417  |  psnr: 51.098143  |  ssim: 0.991118
2026-03-18 20:13:15 | INFO     | srcnn_training | Epoch 0020 [TRAIN]  |  loss: 0.002199  |  psnr: 46.753668  |  ssim: 0.976625
2026-03-18 20:13:15 | INFO     | srcnn_training | Epoch 0020 [VAL]  |  loss: 0.001662  |  psnr: 49.001336  |  ssim: 0.988001
2026-03-18 20:13:32 | INFO     | srcnn_training | Epoch 0021 [TRAIN]  |  loss: 0.002164  |  psnr: 46.383414  |  ssim: 0.977161
2026-03-18 20:13:32 | INFO     | srcnn_training | Epoch 0021 [VAL]  |  loss: 0.001326  |  psnr: 51.900710  |  ssim: 0.992044
2026-03-18 20:21:47 | INFO     | srcnn_training | Epoch 0030 [TRAIN]  |  loss: 0.002293  |  psnr: 46.320068  |  ssim: 0.975638
2026-03-18 20:21:47 | INFO     | srcnn_training | Epoch 0030 [VAL]  |  loss: 0.001650  |  psnr: 49.821252  |  ssim: 0.988286
2026-03-18 20:26:05 | INFO     | srcnn_training | Epoch 0040 [TRAIN]  |  loss: 0.002045  |  psnr: 47.138235  |  ssim: 0.979084
2026-03-18 20:26:05 | INFO     | srcnn_training | Epoch 0040 [VAL]  |  loss: 0.001737  |  psnr: 48.793510  |  ssim: 0.987111
2026-03-19 12:39:16 | INFO     | srcnn_training | Epoch 0000 [TRAIN]  |  loss: 0.121828  |  psnr: 23.537486  |  ssim: 0.736818
2026-03-19 12:39:16 | INFO     | srcnn_training | Epoch 0000 [VAL]  |  loss: 0.030349  |  psnr: 24.520061  |  ssim: 0.700238
2026-03-19 12:39:26 | INFO     | srcnn_training | Epoch 0001 [TRAIN]  |  loss: 0.024846  |  psnr: 26.207049  |  ssim: 0.756659
2026-03-19 12:39:26 | INFO     | srcnn_training | Epoch 0001 [VAL]  |  loss: 0.029206  |  psnr: 24.542244  |  ssim: 0.715612
2026-03-19 12:39:36 | INFO     | srcnn_training | Epoch 0002 [TRAIN]  |  loss: 0.025262  |  psnr: 25.508479  |  ssim: 0.751733
2026-03-19 12:39:36 | INFO     | srcnn_training | Epoch 0002 [VAL]  |  loss: 0.021880  |  psnr: 30.424619  |  ssim: 0.788476
2026-03-19 12:43:27 | INFO     | srcnn_training | Epoch 0010 [TRAIN]  |  loss: 0.024996  |  psnr: 25.531940  |  ssim: 0.758298
2026-03-19 12:43:27 | INFO     | srcnn_training | Epoch 0010 [VAL]  |  loss: 0.024232  |  psnr: 26.072336  |  ssim: 0.764761
2026-03-19 12:46:28 | INFO     | srcnn_training | Epoch 0016 [TRAIN]  |  loss: 0.022897  |  psnr: 25.748169  |  ssim: 0.782246
2026-03-19 12:46:28 | INFO     | srcnn_training | Epoch 0016 [VAL]  |  loss: 0.016051  |  psnr: 35.889260  |  ssim: 0.852449
2026-03-19 12:48:30 | INFO     | srcnn_training | Epoch 0020 [TRAIN]  |  loss: 0.023597  |  psnr: 26.582611  |  ssim: 0.776155
2026-03-19 12:48:30 | INFO     | srcnn_training | Epoch 0020 [VAL]  |  loss: 0.027096  |  psnr: 24.760630  |  ssim: 0.747044
2026-03-19 12:50:45 | INFO     | srcnn_training | Epoch 0030 [TRAIN]  |  loss: 0.023557  |  psnr: 25.759923  |  ssim: 0.777973
2026-03-19 12:50:45 | INFO     | srcnn_training | Epoch 0030 [VAL]  |  loss: 0.022613  |  psnr: 25.746372  |  ssim: 0.790560
2026-03-19 13:27:27 | INFO     | srcnn_training | Epoch 0000 [TRAIN]  |  loss: 0.154645  |  psnr: 40.041283  |  ssim: 0.802494
2026-03-19 13:27:27 | INFO     | srcnn_training | Epoch 0000 [VAL]  |  loss: 0.001768  |  psnr: 48.613912  |  ssim: 0.987121
2026-03-19 13:27:44 | INFO     | srcnn_training | Epoch 0001 [TRAIN]  |  loss: 0.002021  |  psnr: 47.562317  |  ssim: 0.980030
2026-03-19 13:27:44 | INFO     | srcnn_training | Epoch 0001 [VAL]  |  loss: 0.001568  |  psnr: 49.567702  |  ssim: 0.989187
2026-03-19 13:27:59 | INFO     | srcnn_training | Epoch 0002 [TRAIN]  |  loss: 0.002274  |  psnr: 46.131887  |  ssim: 0.975384
2026-03-19 13:27:59 | INFO     | srcnn_training | Epoch 0002 [VAL]  |  loss: 0.001445  |  psnr: 51.516685  |  ssim: 0.990674
2026-03-19 13:40:18 | INFO     | srcnn_training | Epoch 0000 [TRAIN]  |  loss: 0.154645  |  psnr: 40.041283  |  ssim: 0.802494
2026-03-19 13:40:18 | INFO     | srcnn_training | Epoch 0000 [VAL]  |  loss: 0.001768  |  psnr: 48.613912  |  ssim: 0.987121
2026-03-19 13:41:01 | INFO     | srcnn_training | Epoch 0001 [TRAIN]  |  loss: 0.002021  |  psnr: 47.562317  |  ssim: 0.980030
2026-03-19 13:41:01 | INFO     | srcnn_training | Epoch 0001 [VAL]  |  loss: 0.001568  |  psnr: 49.567702  |  ssim: 0.989187
2026-03-19 13:42:01 | INFO     | srcnn_training | Epoch 0002 [TRAIN]  |  loss: 0.002274  |  psnr: 46.131887  |  ssim: 0.975384
2026-03-19 13:42:01 | INFO     | srcnn_training | Epoch 0002 [VAL]  |  loss: 0.001445  |  psnr: 51.516685  |  ssim: 0.990674
2026-03-19 13:49:52 | INFO     | srcnn_training | Epoch 0010 [TRAIN]  |  loss: 0.002060  |  psnr: 47.262494  |  ssim: 0.979442
2026-03-19 13:49:52 | INFO     | srcnn_training | Epoch 0010 [VAL]  |  loss: 0.001417  |  psnr: 51.098143  |  ssim: 0.991118
2026-03-19 13:59:32 | INFO     | srcnn_training | Epoch 0000 [TRAIN]  |  loss: 0.154645  |  psnr: 40.041283  |  ssim: 0.802494
2026-03-19 13:59:32 | INFO     | srcnn_training | Epoch 0000 [VAL]  |  loss: 0.001768  |  psnr: 48.613912  |  ssim: 0.987121
2026-03-19 13:59:50 | INFO     | srcnn_training | Epoch 0001 [TRAIN]  |  loss: 0.002021  |  psnr: 47.562317  |  ssim: 0.980030
2026-03-19 13:59:50 | INFO     | srcnn_training | Epoch 0001 [VAL]  |  loss: 0.001568  |  psnr: 49.567702  |  ssim: 0.989187
2026-03-19 14:00:07 | INFO     | srcnn_training | Epoch 0002 [TRAIN]  |  loss: 0.002274  |  psnr: 46.131887  |  ssim: 0.975384
2026-03-19 14:00:07 | INFO     | srcnn_training | Epoch 0002 [VAL]  |  loss: 0.001445  |  psnr: 51.516685  |  ssim: 0.990674
2026-03-19 15:11:16 | INFO     | srcnn_training | Epoch 0000 [TRAIN]  |  loss: 0.224612  |  psnr: 34.605204  |  ssim: 0.693527
2026-03-19 15:11:16 | INFO     | srcnn_training | Epoch 0000 [VAL]  |  loss: 0.001970  |  psnr: 47.875750  |  ssim: 0.985672
2026-03-19 15:14:05 | INFO     | srcnn_training | Epoch 0001 [TRAIN]  |  loss: 0.002375  |  psnr: 45.929021  |  ssim: 0.976517
2026-03-19 15:14:05 | INFO     | srcnn_training | Epoch 0001 [VAL]  |  loss: 0.001712  |  psnr: 49.694605  |  ssim: 0.989228
2026-03-19 15:18:31 | INFO     | srcnn_training | Epoch 0000 [TRAIN]  |  loss: 0.182443  |  psnr: 19.855390  |  ssim: 0.420923
2026-03-19 15:18:31 | INFO     | srcnn_training | Epoch 0000 [VAL]  |  loss: 0.063616  |  psnr: 20.580844  |  ssim: 0.328895
2026-03-19 15:18:48 | INFO     | srcnn_training | Epoch 0001 [TRAIN]  |  loss: 0.048074  |  psnr: 22.088938  |  ssim: 0.469618
2026-03-19 15:18:48 | INFO     | srcnn_training | Epoch 0001 [VAL]  |  loss: 0.057452  |  psnr: 21.364745  |  ssim: 0.340538
2026-03-19 15:19:06 | INFO     | srcnn_training | Epoch 0002 [TRAIN]  |  loss: 0.045369  |  psnr: 22.562085  |  ssim: 0.471968
2026-03-19 15:19:06 | INFO     | srcnn_training | Epoch 0002 [VAL]  |  loss: 0.055303  |  psnr: 21.640074  |  ssim: 0.344825
2026-03-19 15:19:59 | INFO     | srcnn_training | Epoch 0005 [TRAIN]  |  loss: 0.043372  |  psnr: 22.909095  |  ssim: 0.472532
2026-03-19 15:19:59 | INFO     | srcnn_training | Epoch 0005 [VAL]  |  loss: 0.054197  |  psnr: 21.729149  |  ssim: 0.338539
2026-03-19 15:20:17 | INFO     | srcnn_training | Epoch 0006 [TRAIN]  |  loss: 0.042569  |  psnr: 22.936276  |  ssim: 0.482463
2026-03-19 15:20:17 | INFO     | srcnn_training | Epoch 0006 [VAL]  |  loss: 0.053714  |  psnr: 21.924076  |  ssim: 0.347372
2026-03-19 15:21:28 | INFO     | srcnn_training | Epoch 0010 [TRAIN]  |  loss: 0.042565  |  psnr: 22.957751  |  ssim: 0.478109
2026-03-19 15:21:28 | INFO     | srcnn_training | Epoch 0010 [VAL]  |  loss: 0.052744  |  psnr: 22.009918  |  ssim: 0.347490
2026-03-19 15:23:25 | INFO     | srcnn_training | Epoch 0016 [TRAIN]  |  loss: 0.042453  |  psnr: 23.027257  |  ssim: 0.476660
2026-03-19 15:23:25 | INFO     | srcnn_training | Epoch 0016 [VAL]  |  loss: 0.053045  |  psnr: 22.098685  |  ssim: 0.344985
2026-03-19 15:24:49 | INFO     | srcnn_training | Epoch 0020 [TRAIN]  |  loss: 0.042267  |  psnr: 23.092970  |  ssim: 0.475714
2026-03-19 15:24:49 | INFO     | srcnn_training | Epoch 0020 [VAL]  |  loss: 0.053082  |  psnr: 22.011195  |  ssim: 0.342140
2026-03-19 15:28:02 | INFO     | srcnn_training | Epoch 0029 [TRAIN]  |  loss: 0.041916  |  psnr: 23.110597  |  ssim: 0.480217
2026-03-19 15:28:02 | INFO     | srcnn_training | Epoch 0029 [VAL]  |  loss: 0.053548  |  psnr: 22.138425  |  ssim: 0.339982
2026-03-19 15:28:25 | INFO     | srcnn_training | Epoch 0030 [TRAIN]  |  loss: 0.042026  |  psnr: 23.077026  |  ssim: 0.475637
2026-03-19 15:28:25 | INFO     | srcnn_training | Epoch 0030 [VAL]  |  loss: 0.052635  |  psnr: 21.970907  |  ssim: 0.340859
2026-03-19 15:32:15 | INFO     | srcnn_training | Epoch 0040 [TRAIN]  |  loss: 0.041774  |  psnr: 23.114873  |  ssim: 0.477671
2026-03-19 15:32:15 | INFO     | srcnn_training | Epoch 0040 [VAL]  |  loss: 0.052457  |  psnr: 22.111373  |  ssim: 0.340288
2026-03-19 16:38:50 | INFO     | srcnn_training | Epoch 0000 [TRAIN]  |  loss: 0.293927  |  psnr: 26.460936  |  ssim: 0.541680
2026-03-19 16:38:50 | INFO     | srcnn_training | Epoch 0000 [VAL]  |  loss: 0.819221  |  psnr: 8.308240  |  ssim: 0.183578
2026-03-19 16:39:06 | INFO     | srcnn_training | Epoch 0001 [TRAIN]  |  loss: 0.042760  |  psnr: 42.460996  |  ssim: 0.691789
2026-03-19 16:39:06 | INFO     | srcnn_training | Epoch 0001 [VAL]  |  loss: 0.071300  |  psnr: 29.274213  |  ssim: 0.472032
2026-03-19 16:39:41 | INFO     | srcnn_training | Epoch 0003 [TRAIN]  |  loss: 0.037104  |  psnr: 42.239659  |  ssim: 0.705370
2026-03-19 16:39:41 | INFO     | srcnn_training | Epoch 0003 [VAL]  |  loss: 0.068546  |  psnr: 31.385731  |  ssim: 0.470305
2026-03-19 16:40:46 | INFO     | srcnn_training | Epoch 0007 [TRAIN]  |  loss: 0.039680  |  psnr: 43.930372  |  ssim: 0.697666
2026-03-19 16:40:46 | INFO     | srcnn_training | Epoch 0007 [VAL]  |  loss: 0.067396  |  psnr: 32.225618  |  ssim: 0.470274
2026-03-19 16:41:36 | INFO     | srcnn_training | Epoch 0010 [TRAIN]  |  loss: 0.038966  |  psnr: 43.274304  |  ssim: 0.696852
2026-03-19 16:41:36 | INFO     | srcnn_training | Epoch 0010 [VAL]  |  loss: 0.146011  |  psnr: 9.544573  |  ssim: 0.197557
2026-03-19 16:42:29 | INFO     | srcnn_training | Epoch 0000 [TRAIN]  |  loss: 0.285126  |  psnr: 26.865005  |  ssim: 0.525683
2026-03-19 16:42:29 | INFO     | srcnn_training | Epoch 0000 [VAL]  |  loss: 0.480529  |  psnr: 9.555461  |  ssim: 0.172982
2026-03-19 16:42:45 | INFO     | srcnn_training | Epoch 0001 [TRAIN]  |  loss: 0.044353  |  psnr: 43.707815  |  ssim: 0.677531
2026-03-19 16:42:45 | INFO     | srcnn_training | Epoch 0001 [VAL]  |  loss: 0.073878  |  psnr: 31.814255  |  ssim: 0.458287
2026-03-19 16:43:02 | INFO     | srcnn_training | Epoch 0002 [TRAIN]  |  loss: 0.107979  |  psnr: 24.744465  |  ssim: 0.436414
2026-03-19 16:43:02 | INFO     | srcnn_training | Epoch 0002 [VAL]  |  loss: 0.069530  |  psnr: 33.484213  |  ssim: 0.472519
2026-03-19 16:45:02 | INFO     | srcnn_training | Epoch 0009 [TRAIN]  |  loss: 0.039517  |  psnr: 43.810254  |  ssim: 0.699433
2026-03-19 16:45:02 | INFO     | srcnn_training | Epoch 0009 [VAL]  |  loss: 0.065822  |  psnr: 33.739023  |  ssim: 0.473816
2026-03-19 16:45:19 | INFO     | srcnn_training | Epoch 0010 [TRAIN]  |  loss: 0.039777  |  psnr: 44.311657  |  ssim: 0.685260
2026-03-19 16:45:19 | INFO     | srcnn_training | Epoch 0010 [VAL]  |  loss: 0.127522  |  psnr: 11.029846  |  ssim: 0.185566
2026-03-19 16:48:38 | INFO     | srcnn_training | Epoch 0000 [TRAIN]  |  loss: 1.901832  |  psnr: -9.173591  |  ssim: 0.305456
2026-03-19 16:48:38 | INFO     | srcnn_training | Epoch 0000 [VAL]  |  loss: 0.663685  |  psnr: -9.019209  |  ssim: 0.172494
2026-03-19 16:49:45 | INFO     | srcnn_training | Epoch 0000 [TRAIN]  |  loss: 0.491979  |  psnr: 19.684549  |  ssim: 0.546230
2026-03-19 16:49:45 | INFO     | srcnn_training | Epoch 0000 [VAL]  |  loss: 0.076305  |  psnr: 10.776236  |  ssim: 0.332630
2026-03-19 16:50:02 | INFO     | srcnn_training | Epoch 0001 [TRAIN]  |  loss: 0.059082  |  psnr: 40.441708  |  ssim: 0.740836
2026-03-19 16:50:02 | INFO     | srcnn_training | Epoch 0001 [VAL]  |  loss: 0.053290  |  psnr: 30.219828  |  ssim: 0.685683
2026-03-19 16:50:20 | INFO     | srcnn_training | Epoch 0002 [TRAIN]  |  loss: 0.056116  |  psnr: 28.493971  |  ssim: 0.537529
2026-03-19 16:50:20 | INFO     | srcnn_training | Epoch 0002 [VAL]  |  loss: 0.035196  |  psnr: 31.984338  |  ssim: 0.679861
2026-03-19 16:52:26 | INFO     | srcnn_training | Epoch 0009 [TRAIN]  |  loss: 0.066739  |  psnr: 41.765959  |  ssim: 0.741201
2026-03-19 16:52:26 | INFO     | srcnn_training | Epoch 0009 [VAL]  |  loss: 0.040362  |  psnr: 34.185924  |  ssim: 0.680233
2026-03-19 16:52:45 | INFO     | srcnn_training | Epoch 0010 [TRAIN]  |  loss: 0.058639  |  psnr: 43.248100  |  ssim: 0.740103
2026-03-19 16:52:45 | INFO     | srcnn_training | Epoch 0010 [VAL]  |  loss: 0.068422  |  psnr: 11.938342  |  ssim: 0.335376
2026-03-19 16:55:41 | INFO     | srcnn_training | Epoch 0020 [TRAIN]  |  loss: 0.034298  |  psnr: 48.137212  |  ssim: 0.824712
2026-03-19 16:55:41 | INFO     | srcnn_training | Epoch 0020 [VAL]  |  loss: 0.054085  |  psnr: 27.379309  |  ssim: 0.640012
2026-03-19 16:57:45 | INFO     | srcnn_training | Epoch 0027 [TRAIN]  |  loss: 0.105103  |  psnr: 22.963593  |  ssim: 0.609073
2026-03-19 16:57:45 | INFO     | srcnn_training | Epoch 0027 [VAL]  |  loss: 0.039946  |  psnr: 35.471710  |  ssim: 0.725245
2026-03-19 16:58:38 | INFO     | srcnn_training | Epoch 0030 [TRAIN]  |  loss: 0.077713  |  psnr: 9.808686  |  ssim: 0.568965
2026-03-19 16:58:38 | INFO     | srcnn_training | Epoch 0030 [VAL]  |  loss: 0.054420  |  psnr: 31.142793  |  ssim: 0.629057
2026-03-19 17:01:37 | INFO     | srcnn_training | Epoch 0040 [TRAIN]  |  loss: 0.070673  |  psnr: 29.505590  |  ssim: 0.499169
2026-03-19 17:01:37 | INFO     | srcnn_training | Epoch 0040 [VAL]  |  loss: 0.055252  |  psnr: 31.464652  |  ssim: 0.631132
2026-03-19 17:05:00 | INFO     | srcnn_training | Epoch 0000 [TRAIN]  |  loss: 0.257914  |  psnr: 17.849098  |  ssim: 0.470725
2026-03-19 17:05:00 | INFO     | srcnn_training | Epoch 0000 [VAL]  |  loss: 0.082007  |  psnr: 18.870551  |  ssim: 0.450436
2026-03-19 17:05:15 | INFO     | srcnn_training | Epoch 0001 [TRAIN]  |  loss: 0.064941  |  psnr: 20.049806  |  ssim: 0.509202
2026-03-19 17:05:15 | INFO     | srcnn_training | Epoch 0001 [VAL]  |  loss: 0.070532  |  psnr: 20.030260  |  ssim: 0.463138
2026-03-19 17:06:01 | INFO     | srcnn_training | Epoch 0003 [TRAIN]  |  loss: 0.060472  |  psnr: 20.724354  |  ssim: 0.505049
2026-03-19 17:06:01 | INFO     | srcnn_training | Epoch 0003 [VAL]  |  loss: 0.066067  |  psnr: 20.702687  |  ssim: 0.482071
2026-03-19 17:07:35 | INFO     | srcnn_training | Epoch 0008 [TRAIN]  |  loss: 0.058945  |  psnr: 21.007694  |  ssim: 0.505501
2026-03-19 17:07:35 | INFO     | srcnn_training | Epoch 0008 [VAL]  |  loss: 0.063967  |  psnr: 20.991510  |  ssim: 0.506230
2026-03-19 17:07:55 | INFO     | srcnn_training | Epoch 0009 [TRAIN]  |  loss: 0.057302  |  psnr: 21.205589  |  ssim: 0.514323
2026-03-19 17:07:55 | INFO     | srcnn_training | Epoch 0009 [VAL]  |  loss: 0.062960  |  psnr: 21.073759  |  ssim: 0.513339
2026-03-19 17:08:14 | INFO     | srcnn_training | Epoch 0010 [TRAIN]  |  loss: 0.055322  |  psnr: 21.435777  |  ssim: 0.522728
2026-03-19 17:08:14 | INFO     | srcnn_training | Epoch 0010 [VAL]  |  loss: 0.063931  |  psnr: 20.963970  |  ssim: 0.511098
2026-03-19 17:08:53 | INFO     | srcnn_training | Epoch 0012 [TRAIN]  |  loss: 0.056111  |  psnr: 21.330234  |  ssim: 0.525276
2026-03-19 17:08:53 | INFO     | srcnn_training | Epoch 0012 [VAL]  |  loss: 0.063504  |  psnr: 21.096417  |  ssim: 0.505200
2026-03-19 17:09:11 | INFO     | srcnn_training | Epoch 0013 [TRAIN]  |  loss: 0.055628  |  psnr: 21.426016  |  ssim: 0.524175
2026-03-19 17:09:11 | INFO     | srcnn_training | Epoch 0013 [VAL]  |  loss: 0.063373  |  psnr: 21.144293  |  ssim: 0.488178
2026-03-19 17:11:23 | INFO     | srcnn_training | Epoch 0020 [TRAIN]  |  loss: 0.056810  |  psnr: 21.351933  |  ssim: 0.512847
2026-03-19 17:11:23 | INFO     | srcnn_training | Epoch 0020 [VAL]  |  loss: 0.066396  |  psnr: 20.889570  |  ssim: 0.488398
2026-03-19 17:12:03 | INFO     | srcnn_training | Epoch 0022 [TRAIN]  |  loss: 0.053816  |  psnr: 21.634296  |  ssim: 0.531193
2026-03-19 17:12:03 | INFO     | srcnn_training | Epoch 0022 [VAL]  |  loss: 0.061807  |  psnr: 21.182515  |  ssim: 0.512754
2026-03-19 17:14:37 | INFO     | srcnn_training | Epoch 0030 [TRAIN]  |  loss: 0.056095  |  psnr: 21.410427  |  ssim: 0.513301
2026-03-19 17:14:37 | INFO     | srcnn_training | Epoch 0030 [VAL]  |  loss: 0.063032  |  psnr: 21.311890  |  ssim: 0.493091
2026-03-19 17:16:39 | INFO     | srcnn_training | Epoch 0000 [TRAIN]  |  loss: 0.133486  |  psnr: 15.047712  |  ssim: 0.233106
2026-03-19 17:16:39 | INFO     | srcnn_training | Epoch 0000 [VAL]  |  loss: 0.159848  |  psnr: 13.452271  |  ssim: 0.051276
2026-03-19 17:17:17 | INFO     | srcnn_training | Epoch 0002 [TRAIN]  |  loss: 0.105201  |  psnr: 16.287507  |  ssim: 0.305466
2026-03-19 17:17:17 | INFO     | srcnn_training | Epoch 0002 [VAL]  |  loss: 0.122552  |  psnr: 15.284011  |  ssim: 0.216970
2026-03-19 17:17:36 | INFO     | srcnn_training | Epoch 0003 [TRAIN]  |  loss: 0.090799  |  psnr: 17.204262  |  ssim: 0.309038
2026-03-19 17:17:36 | INFO     | srcnn_training | Epoch 0003 [VAL]  |  loss: 0.100763  |  psnr: 16.985992  |  ssim: 0.208300
2026-03-19 17:18:52 | INFO     | srcnn_training | Epoch 0007 [TRAIN]  |  loss: 0.084445  |  psnr: 17.695621  |  ssim: 0.346276
2026-03-19 17:18:52 | INFO     | srcnn_training | Epoch 0007 [VAL]  |  loss: 0.099725  |  psnr: 17.172141  |  ssim: 0.242372
2026-03-19 17:19:10 | INFO     | srcnn_training | Epoch 0008 [TRAIN]  |  loss: 0.086908  |  psnr: 17.534836  |  ssim: 0.340071
2026-03-19 17:19:10 | INFO     | srcnn_training | Epoch 0008 [VAL]  |  loss: 0.093131  |  psnr: 17.402411  |  ssim: 0.245412
2026-03-19 17:19:47 | INFO     | srcnn_training | Epoch 0010 [TRAIN]  |  loss: 0.094484  |  psnr: 16.940180  |  ssim: 0.324477
2026-03-19 17:19:47 | INFO     | srcnn_training | Epoch 0010 [VAL]  |  loss: 0.092276  |  psnr: 17.231580  |  ssim: 0.247769
2026-03-19 17:21:59 | INFO     | srcnn_training | Epoch 0016 [TRAIN]  |  loss: 0.086407  |  psnr: 17.508141  |  ssim: 0.352978
2026-03-19 17:21:59 | INFO     | srcnn_training | Epoch 0016 [VAL]  |  loss: 0.095040  |  psnr: 17.454719  |  ssim: 0.242005
2026-03-19 17:26:51 | INFO     | srcnn_training | Epoch 0000 [TRAIN]  |  loss: 0.121772  |  psnr: 15.501570  |  ssim: 0.251192
2026-03-19 17:26:51 | INFO     | srcnn_training | Epoch 0000 [VAL]  |  loss: 0.111702  |  psnr: 15.725619  |  ssim: 0.212442
2026-03-19 17:37:16 | INFO     | srcnn_training | Epoch 0000 [TRAIN]  |  loss: 0.239415  |  psnr: 11.396226  |  ssim: 0.051821
2026-03-19 17:37:16 | INFO     | srcnn_training | Epoch 0000 [VAL]  |  loss: 0.140572  |  psnr: 15.450391  |  ssim: 0.054874
2026-03-19 17:40:44 | INFO     | srcnn_training | Epoch 0001 [TRAIN]  |  loss: 0.091775  |  psnr: 17.348516  |  ssim: 0.277882
2026-03-19 17:40:44 | INFO     | srcnn_training | Epoch 0001 [VAL]  |  loss: 0.093642  |  psnr: 17.145915  |  ssim: 0.258963
2026-03-19 17:47:31 | INFO     | srcnn_training | Epoch 0003 [TRAIN]  |  loss: 0.082669  |  psnr: 17.687446  |  ssim: 0.347692
2026-03-19 17:47:31 | INFO     | srcnn_training | Epoch 0003 [VAL]  |  loss: 0.096533  |  psnr: 17.145932  |  ssim: 0.239858
2026-03-19 17:54:56 | INFO     | srcnn_training | Epoch 0000 [TRAIN]  |  loss: 0.364447  |  psnr: 14.368937  |  ssim: 0.355213
2026-03-19 17:54:56 | INFO     | srcnn_training | Epoch 0000 [VAL]  |  loss: 0.119947  |  psnr: 15.501075  |  ssim: 0.223165
2026-03-19 17:57:53 | INFO     | srcnn_training | Epoch 0000 [TRAIN]  |  loss: 0.347803  |  psnr: 14.582867  |  ssim: 0.358325
2026-03-19 17:57:53 | INFO     | srcnn_training | Epoch 0000 [VAL]  |  loss: 0.120102  |  psnr: 15.269795  |  ssim: 0.235399
2026-03-19 17:58:09 | INFO     | srcnn_training | Epoch 0001 [TRAIN]  |  loss: 0.092152  |  psnr: 16.827529  |  ssim: 0.366532
2026-03-19 17:58:09 | INFO     | srcnn_training | Epoch 0001 [VAL]  |  loss: 0.101301  |  psnr: 16.687613  |  ssim: 0.245606
2026-03-19 17:58:26 | INFO     | srcnn_training | Epoch 0002 [TRAIN]  |  loss: 0.087681  |  psnr: 17.282660  |  ssim: 0.355862
2026-03-19 17:58:26 | INFO     | srcnn_training | Epoch 0002 [VAL]  |  loss: 0.098431  |  psnr: 16.883057  |  ssim: 0.257811
2026-03-19 17:59:00 | INFO     | srcnn_training | Epoch 0004 [TRAIN]  |  loss: 0.084927  |  psnr: 17.509846  |  ssim: 0.361825
2026-03-19 17:59:00 | INFO     | srcnn_training | Epoch 0004 [VAL]  |  loss: 0.099121  |  psnr: 16.903876  |  ssim: 0.224954
2026-03-19 18:00:27 | INFO     | srcnn_training | Epoch 0009 [TRAIN]  |  loss: 0.084498  |  psnr: 17.558674  |  ssim: 0.360556
2026-03-19 18:00:27 | INFO     | srcnn_training | Epoch 0009 [VAL]  |  loss: 0.094861  |  psnr: 17.119427  |  ssim: 0.261437
2026-03-19 18:00:45 | INFO     | srcnn_training | Epoch 0010 [TRAIN]  |  loss: 0.082883  |  psnr: 17.639234  |  ssim: 0.368311
2026-03-19 18:00:45 | INFO     | srcnn_training | Epoch 0010 [VAL]  |  loss: 0.096420  |  psnr: 16.858083  |  ssim: 0.256037
2026-03-19 18:04:15 | INFO     | srcnn_training | Epoch 0000 [TRAIN]  |  loss: 0.312167  |  psnr: 13.956927  |  ssim: 0.335033
2026-03-19 18:04:15 | INFO     | srcnn_training | Epoch 0000 [VAL]  |  loss: 0.126267  |  psnr: 14.978176  |  ssim: 0.208829
2026-03-19 18:04:37 | INFO     | srcnn_training | Epoch 0001 [TRAIN]  |  loss: 0.103993  |  psnr: 16.039633  |  ssim: 0.351327
2026-03-19 18:04:37 | INFO     | srcnn_training | Epoch 0001 [VAL]  |  loss: 0.116202  |  psnr: 15.767460  |  ssim: 0.232125
2026-03-19 18:05:07 | INFO     | srcnn_training | Epoch 0000 [TRAIN]  |  loss: 1.621487  |  psnr: -9.177350  |  ssim: 0.292779
2026-03-19 18:05:07 | INFO     | srcnn_training | Epoch 0000 [VAL]  |  loss: 0.645387  |  psnr: -9.020345  |  ssim: 0.167225
2026-03-19 18:05:43 | INFO     | srcnn_training | Epoch 0000 [TRAIN]  |  loss: 0.286366  |  psnr: 16.356269  |  ssim: 0.405899
2026-03-19 18:05:43 | INFO     | srcnn_training | Epoch 0000 [VAL]  |  loss: 0.093416  |  psnr: 17.890570  |  ssim: 0.413138
2026-03-19 18:06:02 | INFO     | srcnn_training | Epoch 0001 [TRAIN]  |  loss: 0.079193  |  psnr: 18.557281  |  ssim: 0.454833
2026-03-19 18:06:02 | INFO     | srcnn_training | Epoch 0001 [VAL]  |  loss: 0.090489  |  psnr: 18.178538  |  ssim: 0.447707
2026-03-19 18:06:20 | INFO     | srcnn_training | Epoch 0002 [TRAIN]  |  loss: 0.081706  |  psnr: 18.386221  |  ssim: 0.451468
2026-03-19 18:06:20 | INFO     | srcnn_training | Epoch 0002 [VAL]  |  loss: 0.084654  |  psnr: 18.568149  |  ssim: 0.455677
2026-03-19 18:06:38 | INFO     | srcnn_training | Epoch 0003 [TRAIN]  |  loss: 0.079505  |  psnr: 18.583122  |  ssim: 0.451856
2026-03-19 18:06:38 | INFO     | srcnn_training | Epoch 0003 [VAL]  |  loss: 0.080544  |  psnr: 19.119777  |  ssim: 0.452097
2026-03-19 18:08:51 | INFO     | srcnn_training | Epoch 0010 [TRAIN]  |  loss: nan  |  psnr: nan  |  ssim: nan
2026-03-19 18:08:51 | INFO     | srcnn_training | Epoch 0010 [VAL]  |  loss: nan  |  psnr: nan  |  ssim: nan
2026-03-19 18:14:23 | INFO     | srcnn_training | Epoch 0000 [TRAIN]  |  loss: 0.155047  |  psnr: 39.452017  |  ssim: 0.799099
2026-03-19 18:14:23 | INFO     | srcnn_training | Epoch 0000 [VAL]  |  loss: 0.001896  |  psnr: 47.759478  |  ssim: 0.986045
2026-03-19 18:14:41 | INFO     | srcnn_training | Epoch 0001 [TRAIN]  |  loss: 0.002164  |  psnr: 46.889767  |  ssim: 0.978757
2026-03-19 18:14:41 | INFO     | srcnn_training | Epoch 0001 [VAL]  |  loss: 0.001675  |  psnr: 48.882525  |  ssim: 0.988430
2026-03-19 18:17:24 | INFO     | srcnn_training | Epoch 0000 [TRAIN]  |  loss: 0.151840  |  psnr: 19.923422  |  ssim: 0.397405
2026-03-19 18:17:24 | INFO     | srcnn_training | Epoch 0000 [VAL]  |  loss: 0.064818  |  psnr: 20.197665  |  ssim: 0.315460
2026-03-19 18:17:42 | INFO     | srcnn_training | Epoch 0001 [TRAIN]  |  loss: 0.046565  |  psnr: 22.417968  |  ssim: 0.462523
2026-03-19 18:17:42 | INFO     | srcnn_training | Epoch 0001 [VAL]  |  loss: 0.056931  |  psnr: 21.605322  |  ssim: 0.335399
2026-03-19 18:19:13 | INFO     | srcnn_training | Epoch 0006 [TRAIN]  |  loss: 0.044153  |  psnr: 22.695152  |  ssim: 0.475133
2026-03-19 18:19:13 | INFO     | srcnn_training | Epoch 0006 [VAL]  |  loss: 0.054642  |  psnr: 21.885347  |  ssim: 0.341443
2026-03-19 18:20:26 | INFO     | srcnn_training | Epoch 0010 [TRAIN]  |  loss: 0.044054  |  psnr: 22.745692  |  ssim: 0.471135
2026-03-19 18:20:26 | INFO     | srcnn_training | Epoch 0010 [VAL]  |  loss: 0.054077  |  psnr: 21.657079  |  ssim: 0.341952
2026-03-19 18:21:24 | INFO     | srcnn_training | Epoch 0013 [TRAIN]  |  loss: 0.043304  |  psnr: 22.873909  |  ssim: 0.473884
2026-03-19 18:21:24 | INFO     | srcnn_training | Epoch 0013 [VAL]  |  loss: 0.054166  |  psnr: 21.948337  |  ssim: 0.339945
2026-03-19 18:24:07 | INFO     | srcnn_training | Epoch 0000 [TRAIN]  |  loss: 0.151840  |  psnr: 19.923422  |  ssim: 0.397405
2026-03-19 18:24:07 | INFO     | srcnn_training | Epoch 0000 [VAL]  |  loss: 0.064818  |  psnr: 20.197665  |  ssim: 0.315460
2026-03-19 18:24:24 | INFO     | srcnn_training | Epoch 0001 [TRAIN]  |  loss: 0.046565  |  psnr: 22.417968  |  ssim: 0.462523
2026-03-19 18:24:24 | INFO     | srcnn_training | Epoch 0001 [VAL]  |  loss: 0.056931  |  psnr: 21.605322  |  ssim: 0.335399
2026-03-19 18:25:59 | INFO     | srcnn_training | Epoch 0006 [TRAIN]  |  loss: 0.044153  |  psnr: 22.695152  |  ssim: 0.475133
2026-03-19 18:25:59 | INFO     | srcnn_training | Epoch 0006 [VAL]  |  loss: 0.054642  |  psnr: 21.885347  |  ssim: 0.341443
2026-03-19 18:29:04 | INFO     | srcnn_training | Epoch 0000 [TRAIN]  |  loss: 0.151840  |  psnr: 19.923422  |  ssim: 0.397405
2026-03-19 18:29:04 | INFO     | srcnn_training | Epoch 0000 [VAL]  |  loss: 0.064818  |  psnr: 20.197665  |  ssim: 0.315460
2026-03-19 18:29:21 | INFO     | srcnn_training | Epoch 0001 [TRAIN]  |  loss: 0.046565  |  psnr: 22.417968  |  ssim: 0.462523
2026-03-19 18:29:21 | INFO     | srcnn_training | Epoch 0001 [VAL]  |  loss: 0.056931  |  psnr: 21.605322  |  ssim: 0.335399
2026-03-19 18:33:24 | INFO     | srcnn_training | Epoch 0000 [TRAIN]  |  loss: 0.771901  |  psnr: 19.588789  |  ssim: 0.188369
2026-03-19 18:33:24 | INFO     | srcnn_training | Epoch 0000 [VAL]  |  loss: 0.008180  |  psnr: 20.887667  |  ssim: 0.290362
2026-03-19 18:33:41 | INFO     | srcnn_training | Epoch 0001 [TRAIN]  |  loss: 0.006021  |  psnr: 22.370944  |  ssim: 0.438440
2026-03-19 18:33:41 | INFO     | srcnn_training | Epoch 0001 [VAL]  |  loss: 0.007105  |  psnr: 21.493414  |  ssim: 0.323594
2026-03-19 18:33:59 | INFO     | srcnn_training | Epoch 0002 [TRAIN]  |  loss: 0.005792  |  psnr: 22.538399  |  ssim: 0.447937
2026-03-19 18:33:59 | INFO     | srcnn_training | Epoch 0002 [VAL]  |  loss: 0.007005  |  psnr: 21.553463  |  ssim: 0.334372
2026-03-19 18:34:16 | INFO     | srcnn_training | Epoch 0003 [TRAIN]  |  loss: 0.005898  |  psnr: 22.477985  |  ssim: 0.453323
2026-03-19 18:34:16 | INFO     | srcnn_training | Epoch 0003 [VAL]  |  loss: 0.006894  |  psnr: 21.625044  |  ssim: 0.324872
2026-03-19 18:34:34 | INFO     | srcnn_training | Epoch 0004 [TRAIN]  |  loss: 0.005563  |  psnr: 22.692989  |  ssim: 0.458086
2026-03-19 18:34:34 | INFO     | srcnn_training | Epoch 0004 [VAL]  |  loss: 0.006778  |  psnr: 21.696187  |  ssim: 0.328712
2026-03-19 18:35:58 | INFO     | srcnn_training | Epoch 0006 [TRAIN]  |  loss: 0.005457  |  psnr: 22.761138  |  ssim: 0.469857
2026-03-19 18:35:58 | INFO     | srcnn_training | Epoch 0006 [VAL]  |  loss: 0.006612  |  psnr: 21.804129  |  ssim: 0.338061
2026-03-19 18:37:29 | INFO     | srcnn_training | Epoch 0010 [TRAIN]  |  loss: 0.005394  |  psnr: 22.822512  |  ssim: 0.464265
2026-03-19 18:37:29 | INFO     | srcnn_training | Epoch 0010 [VAL]  |  loss: 0.006631  |  psnr: 21.792523  |  ssim: 0.335910
2026-03-19 18:40:10 | INFO     | srcnn_training | Epoch 0000 [TRAIN]  |  loss: 0.771901  |  psnr: 19.588789  |  ssim: 0.188369
2026-03-19 18:40:10 | INFO     | srcnn_training | Epoch 0000 [VAL]  |  loss: 0.008180  |  psnr: 20.887667  |  ssim: 0.290362
2026-03-19 18:40:27 | INFO     | srcnn_training | Epoch 0001 [TRAIN]  |  loss: 0.006021  |  psnr: 22.370944  |  ssim: 0.438440
2026-03-19 18:40:27 | INFO     | srcnn_training | Epoch 0001 [VAL]  |  loss: 0.007105  |  psnr: 21.493414  |  ssim: 0.323594
2026-03-19 18:40:44 | INFO     | srcnn_training | Epoch 0002 [TRAIN]  |  loss: 0.005792  |  psnr: 22.538399  |  ssim: 0.447937
2026-03-19 18:40:44 | INFO     | srcnn_training | Epoch 0002 [VAL]  |  loss: 0.007005  |  psnr: 21.553463  |  ssim: 0.334372
2026-03-19 18:41:02 | INFO     | srcnn_training | Epoch 0003 [TRAIN]  |  loss: 0.005898  |  psnr: 22.477985  |  ssim: 0.453323
2026-03-19 18:41:02 | INFO     | srcnn_training | Epoch 0003 [VAL]  |  loss: 0.006894  |  psnr: 21.625044  |  ssim: 0.324872
2026-03-19 18:41:20 | INFO     | srcnn_training | Epoch 0004 [TRAIN]  |  loss: 0.005563  |  psnr: 22.692989  |  ssim: 0.458086
2026-03-19 18:41:20 | INFO     | srcnn_training | Epoch 0004 [VAL]  |  loss: 0.006778  |  psnr: 21.696187  |  ssim: 0.328712
2026-03-19 18:41:57 | INFO     | srcnn_training | Epoch 0006 [TRAIN]  |  loss: 0.005457  |  psnr: 22.761138  |  ssim: 0.469857
2026-03-19 18:41:57 | INFO     | srcnn_training | Epoch 0006 [VAL]  |  loss: 0.006612  |  psnr: 21.804129  |  ssim: 0.338061
2026-03-19 18:43:11 | INFO     | srcnn_training | Epoch 0010 [TRAIN]  |  loss: 0.005394  |  psnr: 22.822512  |  ssim: 0.464265
2026-03-19 18:43:11 | INFO     | srcnn_training | Epoch 0010 [VAL]  |  loss: 0.006631  |  psnr: 21.792523  |  ssim: 0.335910
2026-03-19 18:43:29 | INFO     | srcnn_training | Epoch 0011 [TRAIN]  |  loss: 0.005353  |  psnr: 22.866675  |  ssim: 0.459564
2026-03-19 18:43:29 | INFO     | srcnn_training | Epoch 0011 [VAL]  |  loss: 0.006518  |  psnr: 21.868485  |  ssim: 0.333775
2026-03-19 18:44:06 | INFO     | srcnn_training | Epoch 0013 [TRAIN]  |  loss: 0.005188  |  psnr: 22.963640  |  ssim: 0.470059
2026-03-19 18:44:06 | INFO     | srcnn_training | Epoch 0013 [VAL]  |  loss: 0.006478  |  psnr: 21.891622  |  ssim: 0.338885
2026-03-19 18:45:45 | INFO     | srcnn_training | Epoch 0018 [TRAIN]  |  loss: 0.005224  |  psnr: 22.940717  |  ssim: 0.464183
2026-03-19 18:45:45 | INFO     | srcnn_training | Epoch 0018 [VAL]  |  loss: 0.006431  |  psnr: 21.923497  |  ssim: 0.334856
2026-03-19 18:46:25 | INFO     | srcnn_training | Epoch 0020 [TRAIN]  |  loss: 0.005458  |  psnr: 22.840969  |  ssim: 0.461842
2026-03-19 18:46:25 | INFO     | srcnn_training | Epoch 0020 [VAL]  |  loss: 0.006766  |  psnr: 21.705314  |  ssim: 0.331834
2026-03-19 18:50:21 | INFO     | srcnn_training | Epoch 0030 [TRAIN]  |  loss: 0.005318  |  psnr: 22.861274  |  ssim: 0.462555
2026-03-19 18:50:21 | INFO     | srcnn_training | Epoch 0030 [VAL]  |  loss: 0.006664  |  psnr: 21.807386  |  ssim: 0.333361
2026-03-19 18:53:25 | INFO     | srcnn_training | Epoch 0000 [TRAIN]  |  loss: 0.771902  |  psnr: 19.588322  |  ssim: 0.193203
2026-03-19 18:53:25 | INFO     | srcnn_training | Epoch 0000 [VAL]  |  loss: 0.008110  |  psnr: 20.924668  |  ssim: 0.288006
2026-03-19 18:53:43 | INFO     | srcnn_training | Epoch 0001 [TRAIN]  |  loss: 0.006021  |  psnr: 22.370357  |  ssim: 0.437851
2026-03-19 18:53:43 | INFO     | srcnn_training | Epoch 0001 [VAL]  |  loss: 0.007110  |  psnr: 21.490091  |  ssim: 0.323840
2026-03-19 18:54:01 | INFO     | srcnn_training | Epoch 0002 [TRAIN]  |  loss: 0.005789  |  psnr: 22.540337  |  ssim: 0.448195
2026-03-19 18:54:01 | INFO     | srcnn_training | Epoch 0002 [VAL]  |  loss: 0.007015  |  psnr: 21.547248  |  ssim: 0.334394
2026-03-19 18:54:20 | INFO     | srcnn_training | Epoch 0003 [TRAIN]  |  loss: 0.005928  |  psnr: 22.458215  |  ssim: 0.452532
2026-03-19 18:54:20 | INFO     | srcnn_training | Epoch 0003 [VAL]  |  loss: 0.006954  |  psnr: 21.587596  |  ssim: 0.324335
2026-03-19 18:54:38 | INFO     | srcnn_training | Epoch 0004 [TRAIN]  |  loss: 0.005574  |  psnr: 22.686024  |  ssim: 0.458198
2026-03-19 18:54:38 | INFO     | srcnn_training | Epoch 0004 [VAL]  |  loss: 0.006783  |  psnr: 21.692997  |  ssim: 0.328907
2026-03-19 18:55:25 | INFO     | srcnn_training | Epoch 0006 [TRAIN]  |  loss: 0.005455  |  psnr: 22.762217  |  ssim: 0.470009
2026-03-19 18:55:25 | INFO     | srcnn_training | Epoch 0006 [VAL]  |  loss: 0.006612  |  psnr: 21.804212  |  ssim: 0.337202
2026-03-19 18:57:06 | INFO     | srcnn_training | Epoch 0010 [TRAIN]  |  loss: 0.005403  |  psnr: 22.816572  |  ssim: 0.464707
2026-03-19 18:57:06 | INFO     | srcnn_training | Epoch 0010 [VAL]  |  loss: 0.006634  |  psnr: 21.790555  |  ssim: 0.336722
2026-03-19 18:57:24 | INFO     | srcnn_training | Epoch 0011 [TRAIN]  |  loss: 0.005347  |  psnr: 22.872223  |  ssim: 0.460043
2026-03-19 18:57:24 | INFO     | srcnn_training | Epoch 0011 [VAL]  |  loss: 0.006527  |  psnr: 21.862756  |  ssim: 0.334323
2026-03-19 18:58:02 | INFO     | srcnn_training | Epoch 0013 [TRAIN]  |  loss: 0.005190  |  psnr: 22.962144  |  ssim: 0.470421
2026-03-19 18:58:02 | INFO     | srcnn_training | Epoch 0013 [VAL]  |  loss: 0.006491  |  psnr: 21.883044  |  ssim: 0.338541
2026-03-19 19:02:07 | INFO     | srcnn_training | Epoch 0018 [TRAIN]  |  loss: 0.005249  |  psnr: 22.921108  |  ssim: 0.464602
2026-03-19 19:02:07 | INFO     | srcnn_training | Epoch 0018 [VAL]  |  loss: 0.006390  |  psnr: 21.951518  |  ssim: 0.335260
2026-03-19 19:02:58 | INFO     | srcnn_training | Epoch 0020 [TRAIN]  |  loss: 0.005438  |  psnr: 22.858893  |  ssim: 0.463450
2026-03-19 19:02:58 | INFO     | srcnn_training | Epoch 0020 [VAL]  |  loss: 0.006646  |  psnr: 21.782014  |  ssim: 0.334618
2026-03-19 19:05:04 | INFO     | srcnn_training | Epoch 0000 [TRAIN]  |  loss: 4.896175  |  psnr: 23.491715  |  ssim: 0.693024
2026-03-19 19:05:04 | INFO     | srcnn_training | Epoch 0000 [VAL]  |  loss: 0.000607  |  psnr: 35.391419  |  ssim: 0.787749
2026-03-19 19:05:16 | INFO     | srcnn_training | Epoch 0001 [TRAIN]  |  loss: 0.000719  |  psnr: 34.007413  |  ssim: 0.855467
2026-03-19 19:05:16 | INFO     | srcnn_training | Epoch 0001 [VAL]  |  loss: 0.000223  |  psnr: 37.064643  |  ssim: 0.879418
2026-03-19 19:05:34 | INFO     | srcnn_training | Epoch 0003 [TRAIN]  |  loss: 0.000860  |  psnr: 34.430498  |  ssim: 0.884822
2026-03-19 19:05:34 | INFO     | srcnn_training | Epoch 0003 [VAL]  |  loss: 0.000266  |  psnr: 37.109265  |  ssim: 0.896415
2026-03-19 19:05:52 | INFO     | srcnn_training | Epoch 0005 [TRAIN]  |  loss: 0.000414  |  psnr: 35.594397  |  ssim: 0.891710
2026-03-19 19:05:52 | INFO     | srcnn_training | Epoch 0005 [VAL]  |  loss: 0.000180  |  psnr: 38.230624  |  ssim: 0.899996
2026-03-19 19:06:10 | INFO     | srcnn_training | Epoch 0007 [TRAIN]  |  loss: 0.000236  |  psnr: 36.839363  |  ssim: 0.903436
2026-03-19 19:06:10 | INFO     | srcnn_training | Epoch 0007 [VAL]  |  loss: 0.000142  |  psnr: 42.376344  |  ssim: 0.918311
2026-03-19 19:06:39 | INFO     | srcnn_training | Epoch 0010 [TRAIN]  |  loss: 0.000477  |  psnr: 35.814140  |  ssim: 0.903128
2026-03-19 19:06:39 | INFO     | srcnn_training | Epoch 0010 [VAL]  |  loss: 0.000129  |  psnr: 39.422204  |  ssim: 0.919967
2026-03-19 19:08:08 | INFO     | srcnn_training | Epoch 0000 [TRAIN]  |  loss: 4.896175  |  psnr: 23.491715  |  ssim: 0.693024
2026-03-19 19:08:08 | INFO     | srcnn_training | Epoch 0000 [VAL]  |  loss: 0.000607  |  psnr: 35.391419  |  ssim: 0.787749
2026-03-19 19:08:36 | INFO     | srcnn_training | Epoch 0001 [TRAIN]  |  loss: 0.000719  |  psnr: 34.007413  |  ssim: 0.855467
2026-03-19 19:08:36 | INFO     | srcnn_training | Epoch 0001 [VAL]  |  loss: 0.000223  |  psnr: 37.064643  |  ssim: 0.879418
2026-03-19 19:08:54 | INFO     | srcnn_training | Epoch 0003 [TRAIN]  |  loss: 0.000860  |  psnr: 34.430498  |  ssim: 0.884822
2026-03-19 19:08:54 | INFO     | srcnn_training | Epoch 0003 [VAL]  |  loss: 0.000266  |  psnr: 37.109265  |  ssim: 0.896415
2026-03-19 19:09:12 | INFO     | srcnn_training | Epoch 0005 [TRAIN]  |  loss: 0.000414  |  psnr: 35.594397  |  ssim: 0.891710
2026-03-19 19:09:12 | INFO     | srcnn_training | Epoch 0005 [VAL]  |  loss: 0.000180  |  psnr: 38.230624  |  ssim: 0.899996
2026-03-19 19:12:39 | INFO     | srcnn_training | Epoch 0000 [TRAIN]  |  loss: 0.771902  |  psnr: 19.588322  |  ssim: 0.193203
2026-03-19 19:12:39 | INFO     | srcnn_training | Epoch 0000 [VAL]  |  loss: 0.008110  |  psnr: 20.924668  |  ssim: 0.288006
2026-03-19 19:12:55 | INFO     | srcnn_training | Epoch 0001 [TRAIN]  |  loss: 0.006021  |  psnr: 22.370357  |  ssim: 0.437851
2026-03-19 19:12:55 | INFO     | srcnn_training | Epoch 0001 [VAL]  |  loss: 0.007110  |  psnr: 21.490091  |  ssim: 0.323840
2026-03-19 19:13:23 | INFO     | srcnn_training | Epoch 0002 [TRAIN]  |  loss: 0.005789  |  psnr: 22.540337  |  ssim: 0.448195
2026-03-19 19:13:23 | INFO     | srcnn_training | Epoch 0002 [VAL]  |  loss: 0.007015  |  psnr: 21.547248  |  ssim: 0.334394
2026-03-19 19:13:40 | INFO     | srcnn_training | Epoch 0003 [TRAIN]  |  loss: 0.005928  |  psnr: 22.458215  |  ssim: 0.452532
2026-03-19 19:13:40 | INFO     | srcnn_training | Epoch 0003 [VAL]  |  loss: 0.006954  |  psnr: 21.587596  |  ssim: 0.324335
2026-03-19 19:13:58 | INFO     | srcnn_training | Epoch 0004 [TRAIN]  |  loss: 0.005574  |  psnr: 22.686024  |  ssim: 0.458198
2026-03-19 19:13:58 | INFO     | srcnn_training | Epoch 0004 [VAL]  |  loss: 0.006783  |  psnr: 21.692997  |  ssim: 0.328907
2026-03-19 19:14:33 | INFO     | srcnn_training | Epoch 0006 [TRAIN]  |  loss: 0.005455  |  psnr: 22.762217  |  ssim: 0.470009
2026-03-19 19:14:33 | INFO     | srcnn_training | Epoch 0006 [VAL]  |  loss: 0.006612  |  psnr: 21.804212  |  ssim: 0.337202
2026-03-19 19:37:12 | INFO     | srcnn_training | Epoch 0000 [TRAIN]  |  loss: 196532362.060685  |  psnr: 15.851740  |  ssim: 0.137522
2026-03-19 19:37:12 | INFO     | srcnn_training | Epoch 0000 [VAL]  |  loss: 0.007943  |  psnr: 21.018421  |  ssim: 0.143839
2026-03-19 19:57:06 | INFO     | srcnn_training | Epoch 0001 [TRAIN]  |  loss: 0.005705  |  psnr: 22.546138  |  ssim: 0.455128
2026-03-19 19:57:06 | INFO     | srcnn_training | Epoch 0001 [VAL]  |  loss: 0.006852  |  psnr: 21.653809  |  ssim: 0.334119
2026-03-19 20:03:51 | INFO     | srcnn_training | Epoch 0000 [TRAIN]  |  loss: 47.210196  |  psnr: 18.620021  |  ssim: 0.207115
2026-03-19 20:03:51 | INFO     | srcnn_training | Epoch 0000 [VAL]  |  loss: 0.007285  |  psnr: 21.381443  |  ssim: 0.311300
2026-03-19 20:07:24 | INFO     | srcnn_training | Epoch 0001 [TRAIN]  |  loss: 0.005820  |  psnr: 22.464631  |  ssim: 0.442629
2026-03-19 20:07:24 | INFO     | srcnn_training | Epoch 0001 [VAL]  |  loss: 0.006910  |  psnr: 21.617875  |  ssim: 0.321840
2026-03-19 20:11:02 | INFO     | srcnn_training | Epoch 0002 [TRAIN]  |  loss: 0.005527  |  psnr: 22.684759  |  ssim: 0.449545
2026-03-19 20:11:02 | INFO     | srcnn_training | Epoch 0002 [VAL]  |  loss: 0.006678  |  psnr: 21.762083  |  ssim: 0.329355
2026-03-21 15:08:29 | INFO     | srcnn_training | Epoch 0000 [TRAIN]  |  loss: 37.847865  |  psnr: 19.162615  |  ssim: 0.243236
2026-03-21 15:08:29 | INFO     | srcnn_training | Epoch 0000 [VAL]  |  loss: 0.003983  |  psnr: 24.142845  |  ssim: 0.629894
2026-03-21 15:24:04 | INFO     | srcnn_training | Epoch 0001 [TRAIN]  |  loss: 0.000803  |  psnr: 31.555022  |  ssim: 0.734882
2026-03-21 15:24:04 | INFO     | srcnn_training | Epoch 0001 [VAL]  |  loss: 0.000741  |  psnr: 31.321034  |  ssim: 0.696981
2026-03-21 15:30:03 | INFO     | srcnn_training | Epoch 0002 [TRAIN]  |  loss: 0.000711  |  psnr: 32.219724  |  ssim: 0.753318
2026-03-21 15:30:03 | INFO     | srcnn_training | Epoch 0002 [VAL]  |  loss: 0.000704  |  psnr: 31.544064  |  ssim: 0.702495
2026-03-21 15:36:43 | INFO     | srcnn_training | Epoch 0003 [TRAIN]  |  loss: 0.000588  |  psnr: 32.580436  |  ssim: 0.757851
2026-03-21 15:36:43 | INFO     | srcnn_training | Epoch 0003 [VAL]  |  loss: 0.000688  |  psnr: 31.645664  |  ssim: 0.702868
2026-03-21 16:08:46 | INFO     | srcnn_training | Epoch 0008 [TRAIN]  |  loss: 0.000675  |  psnr: 32.134223  |  ssim: 0.748629
2026-03-21 16:08:46 | INFO     | srcnn_training | Epoch 0008 [VAL]  |  loss: 0.000686  |  psnr: 31.659164  |  ssim: 0.708982
2026-03-21 16:22:03 | INFO     | srcnn_training | Epoch 0010 [TRAIN]  |  loss: 0.000653  |  psnr: 32.319174  |  ssim: 0.758303
2026-03-21 16:22:03 | INFO     | srcnn_training | Epoch 0010 [VAL]  |  loss: 0.000770  |  psnr: 31.236747  |  ssim: 0.696577
2026-03-21 17:43:01 | INFO     | srcnn_training | Epoch 0000 [TRAIN]  |  loss: 93.823816  |  psnr: 24.872377  |  ssim: 0.547983
2026-03-21 17:43:01 | INFO     | srcnn_training | Epoch 0000 [VAL]  |  loss: 0.000946  |  psnr: 30.782438  |  ssim: 0.686920
2026-03-21 17:53:54 | INFO     | srcnn_training | Epoch 0001 [TRAIN]  |  loss: 0.000700  |  psnr: 32.040870  |  ssim: 0.751177
2026-03-21 17:53:54 | INFO     | srcnn_training | Epoch 0001 [VAL]  |  loss: 0.000731  |  psnr: 31.381186  |  ssim: 0.699719
2026-03-21 18:17:36 | INFO     | srcnn_training | Epoch 0000 [TRAIN]  |  loss: 0.079430  |  psnr: 27.701871  |  ssim: 0.614595
2026-03-21 18:17:36 | INFO     | srcnn_training | Epoch 0000 [VAL]  |  loss: 0.000819  |  psnr: 30.887068  |  ssim: 0.673670
2026-03-21 18:26:03 | INFO     | srcnn_training | Epoch 0001 [TRAIN]  |  loss: 0.000717  |  psnr: 31.784436  |  ssim: 0.734389
2026-03-21 18:26:03 | INFO     | srcnn_training | Epoch 0001 [VAL]  |  loss: 0.000735  |  psnr: 31.368440  |  ssim: 0.693173
2026-03-21 18:33:23 | INFO     | srcnn_training | Epoch 0002 [TRAIN]  |  loss: 0.000710  |  psnr: 31.886782  |  ssim: 0.738102
2026-03-21 18:33:23 | INFO     | srcnn_training | Epoch 0002 [VAL]  |  loss: 0.000727  |  psnr: 31.410681  |  ssim: 0.693556
2026-03-21 18:35:46 | INFO     | srcnn_training | Epoch 0003 [TRAIN]  |  loss: 0.000615  |  psnr: 32.367964  |  ssim: 0.749661
2026-03-21 18:35:46 | INFO     | srcnn_training | Epoch 0003 [VAL]  |  loss: 0.000714  |  psnr: 31.498764  |  ssim: 0.698748
2026-03-21 18:53:54 | INFO     | srcnn_training | Epoch 0010 [TRAIN]  |  loss: 0.000588  |  psnr: 32.568429  |  ssim: 0.762481
2026-03-21 18:53:54 | INFO     | srcnn_training | Epoch 0010 [VAL]  |  loss: 0.000802  |  psnr: 31.119029  |  ssim: 0.704318
2026-03-22 16:12:27 | INFO     | srcnn_training | Epoch 0000 [TRAIN]  |  loss: 0.079430  |  psnr: 27.701871  |  ssim: 0.614595
2026-03-22 16:12:27 | INFO     | srcnn_training | Epoch 0000 [VAL]  |  loss: 0.000819  |  psnr: 30.887068  |  ssim: 0.673670
2026-03-22 16:14:51 | INFO     | srcnn_training | Epoch 0001 [TRAIN]  |  loss: 0.000717  |  psnr: 31.784436  |  ssim: 0.734389
2026-03-22 16:14:51 | INFO     | srcnn_training | Epoch 0001 [VAL]  |  loss: 0.000735  |  psnr: 31.368440  |  ssim: 0.693173
2026-03-22 16:17:21 | INFO     | srcnn_training | Epoch 0002 [TRAIN]  |  loss: 0.000710  |  psnr: 31.886782  |  ssim: 0.738102
2026-03-22 16:17:21 | INFO     | srcnn_training | Epoch 0002 [VAL]  |  loss: 0.000727  |  psnr: 31.410681  |  ssim: 0.693556
2026-03-22 16:20:09 | INFO     | srcnn_training | Epoch 0003 [TRAIN]  |  loss: 0.000615  |  psnr: 32.367964  |  ssim: 0.749661
2026-03-22 16:20:09 | INFO     | srcnn_training | Epoch 0003 [VAL]  |  loss: 0.000714  |  psnr: 31.498764  |  ssim: 0.698748
2026-03-22 16:38:24 | INFO     | srcnn_training | Epoch 0010 [TRAIN]  |  loss: 0.000588  |  psnr: 32.568429  |  ssim: 0.762481
2026-03-22 16:38:24 | INFO     | srcnn_training | Epoch 0010 [VAL]  |  loss: 0.000802  |  psnr: 31.119029  |  ssim: 0.704318
2026-03-22 16:43:40 | INFO     | srcnn_training | Epoch 0012 [TRAIN]  |  loss: 0.000615  |  psnr: 32.387381  |  ssim: 0.755246
2026-03-22 16:43:40 | INFO     | srcnn_training | Epoch 0012 [VAL]  |  loss: 0.000707  |  psnr: 31.546132  |  ssim: 0.707556
2026-03-22 16:59:34 | INFO     | srcnn_training | Epoch 0018 [TRAIN]  |  loss: 0.000627  |  psnr: 32.388287  |  ssim: 0.760514
2026-03-22 16:59:34 | INFO     | srcnn_training | Epoch 0018 [VAL]  |  loss: 0.000707  |  psnr: 31.564331  |  ssim: 0.708059
2026-03-22 17:05:31 | INFO     | srcnn_training | Epoch 0020 [TRAIN]  |  loss: 0.000563  |  psnr: 32.666930  |  ssim: 0.759137
2026-03-22 17:05:31 | INFO     | srcnn_training | Epoch 0020 [VAL]  |  loss: 0.000748  |  psnr: 31.371610  |  ssim: 0.706821
2026-03-22 17:08:54 | INFO     | srcnn_training | Epoch 0021 [TRAIN]  |  loss: 0.000546  |  psnr: 32.822430  |  ssim: 0.764000
2026-03-22 17:08:54 | INFO     | srcnn_training | Epoch 0021 [VAL]  |  loss: 0.000676  |  psnr: 31.725884  |  ssim: 0.708679
2026-03-22 17:48:29 | INFO     | srcnn_training | Epoch 0030 [TRAIN]  |  loss: 0.000608  |  psnr: 32.513324  |  ssim: 0.761423
2026-03-22 17:48:29 | INFO     | srcnn_training | Epoch 0030 [VAL]  |  loss: 0.000740  |  psnr: 31.386289  |  ssim: 0.703462
2026-03-23 19:35:29 | INFO     | srcnn_training | Epoch 0000 [TRAIN]  |  loss: 0.169767  |  psnr: 23.813094  |  ssim: 0.714667
2026-03-23 19:35:29 | INFO     | srcnn_training | Epoch 0000 [VAL]  |  loss: 0.001411  |  psnr: 30.616253  |  ssim: 0.799120
2026-03-23 19:36:29 | INFO     | srcnn_training | Epoch 0001 [TRAIN]  |  loss: 0.000767  |  psnr: 32.261844  |  ssim: 0.846750
2026-03-23 19:36:29 | INFO     | srcnn_training | Epoch 0001 [VAL]  |  loss: 0.000409  |  psnr: 34.872984  |  ssim: 0.892415
2026-03-23 19:38:31 | INFO     | srcnn_training | Epoch 0003 [TRAIN]  |  loss: 0.000636  |  psnr: 33.508743  |  ssim: 0.876463
2026-03-23 19:38:31 | INFO     | srcnn_training | Epoch 0003 [VAL]  |  loss: 0.000284  |  psnr: 36.408352  |  ssim: 0.894240
2026-03-23 19:39:33 | INFO     | srcnn_training | Epoch 0004 [TRAIN]  |  loss: 0.000449  |  psnr: 34.555007  |  ssim: 0.884968
2026-03-23 19:39:33 | INFO     | srcnn_training | Epoch 0004 [VAL]  |  loss: 0.000233  |  psnr: 36.794678  |  ssim: 0.889156
2026-03-23 19:40:43 | INFO     | srcnn_training | Epoch 0005 [TRAIN]  |  loss: 0.000431  |  psnr: 34.467813  |  ssim: 0.882931
2026-03-23 19:40:43 | INFO     | srcnn_training | Epoch 0005 [VAL]  |  loss: 0.000328  |  psnr: 39.493359  |  ssim: 0.911105
2026-03-23 19:44:56 | INFO     | srcnn_training | Epoch 0000 [TRAIN]  |  loss: 0.169767  |  psnr: 23.813094  |  ssim: 0.714667
2026-03-23 19:44:56 | INFO     | srcnn_training | Epoch 0000 [VAL]  |  loss: 0.001411  |  psnr: 30.616253  |  ssim: 0.799120
2026-03-23 19:46:00 | INFO     | srcnn_training | Epoch 0001 [TRAIN]  |  loss: 0.000767  |  psnr: 32.261844  |  ssim: 0.846750
2026-03-23 19:46:00 | INFO     | srcnn_training | Epoch 0001 [VAL]  |  loss: 0.000409  |  psnr: 34.872984  |  ssim: 0.892415
2026-03-23 19:48:14 | INFO     | srcnn_training | Epoch 0003 [TRAIN]  |  loss: 0.000636  |  psnr: 33.508743  |  ssim: 0.876463
2026-03-23 19:48:14 | INFO     | srcnn_training | Epoch 0003 [VAL]  |  loss: 0.000284  |  psnr: 36.408352  |  ssim: 0.894240
2026-03-23 19:49:22 | INFO     | srcnn_training | Epoch 0004 [TRAIN]  |  loss: 0.000449  |  psnr: 34.555007  |  ssim: 0.884968
2026-03-23 19:49:22 | INFO     | srcnn_training | Epoch 0004 [VAL]  |  loss: 0.000233  |  psnr: 36.794678  |  ssim: 0.889156
2026-03-23 19:50:35 | INFO     | srcnn_training | Epoch 0005 [TRAIN]  |  loss: 0.000431  |  psnr: 34.467813  |  ssim: 0.882931
2026-03-23 19:50:35 | INFO     | srcnn_training | Epoch 0005 [VAL]  |  loss: 0.000328  |  psnr: 39.493359  |  ssim: 0.911105
2026-03-23 19:56:04 | INFO     | srcnn_training | Epoch 0010 [TRAIN]  |  loss: 0.000461  |  psnr: 34.186220  |  ssim: 0.885137
2026-03-23 19:56:04 | INFO     | srcnn_training | Epoch 0010 [VAL]  |  loss: 0.000333  |  psnr: 35.760791  |  ssim: 0.891848
2026-03-23 20:05:48 | INFO     | srcnn_training | Epoch 0019 [TRAIN]  |  loss: 0.000350  |  psnr: 35.684175  |  ssim: 0.897950
2026-03-23 20:05:48 | INFO     | srcnn_training | Epoch 0019 [VAL]  |  loss: 0.000194  |  psnr: 40.527513  |  ssim: 0.934183
2026-03-23 20:06:51 | INFO     | srcnn_training | Epoch 0020 [TRAIN]  |  loss: 0.000330  |  psnr: 35.845141  |  ssim: 0.901572
2026-03-23 20:06:51 | INFO     | srcnn_training | Epoch 0020 [VAL]  |  loss: 0.000415  |  psnr: 37.578155  |  ssim: 0.913054
2026-03-23 20:13:13 | INFO     | srcnn_training | Epoch 0026 [TRAIN]  |  loss: 0.000342  |  psnr: 35.553006  |  ssim: 0.900822
2026-03-23 20:13:13 | INFO     | srcnn_training | Epoch 0026 [VAL]  |  loss: 0.000193  |  psnr: 41.274521  |  ssim: 0.926222
2026-03-23 20:17:25 | INFO     | srcnn_training | Epoch 0030 [TRAIN]  |  loss: 0.000342  |  psnr: 35.292871  |  ssim: 0.894338
2026-03-23 20:17:25 | INFO     | srcnn_training | Epoch 0030 [VAL]  |  loss: 0.000352  |  psnr: 36.655077  |  ssim: 0.911802
2026-03-23 20:27:58 | INFO     | srcnn_training | Epoch 0040 [TRAIN]  |  loss: 0.000290  |  psnr: 36.236375  |  ssim: 0.908200
2026-03-23 20:27:58 | INFO     | srcnn_training | Epoch 0040 [VAL]  |  loss: 0.000271  |  psnr: 36.985197  |  ssim: 0.907172
